19:28:43

System uptime: 3 hours, 30 minutes
CPU: 0%
RAM: 6% (521 MB)
Network: down = 0, upl = 0

Top 3 processes: 
root /sbin/init 0.8
root python3 0.5
root /snap/ubuntu-desktop-installer/1286/usr/bin/python3.10 0.1

19:29:58

System uptime: 3 hours, 31 minutes
CPU: 1%
RAM: 6% (522 MB)
Network: down = 0, upl = 0

Top 3 processes: 
root /sbin/init 0.8
root python3 0.5
root /snap/ubuntu-desktop-installer/1286/usr/bin/python3.10 0.1

19:31:33

System uptime: 3 hours, 33 minutes
CPU: 0%
RAM: 6% (520 MB)

Top 3 processes: 
root /sbin/init 0.8
root python3 0.5
root /snap/ubuntu-desktop-installer/1286/usr/bin/python3.10 0.1

19:32:36

System uptime: 3 hours, 34 minutes
CPU: 0%
RAM: 6% (518 MB)

Top 3 processes: 
root /sbin/init 0.8
root python3 0.5
root /snap/ubuntu-desktop-installer/1286/usr/bin/python3.10 0.1

19:33:38

System uptime: 3 hours, 35 minutes
CPU: 0%
RAM: 6% (518 MB)

Top 3 processes: 
root /sbin/init 0.8
root python3 0.5
root /snap/ubuntu-desktop-installer/1286/usr/bin/python3.10 0.1

19:34:41

System uptime: 3 hours, 36 minutes
CPU: 1%
RAM: 6% (516 MB)

Top 3 processes: 
root /sbin/init 0.8
root python3 0.5
root /snap/ubuntu-desktop-installer/1286/usr/bin/python3.10 0.1

19:35:44

System uptime: 3 hours, 37 minutes
CPU: 0%
RAM: 6% (519 MB)

Top 3 processes: 
root /sbin/init 0.8
root python3 0.5
root /snap/ubuntu-desktop-installer/1286/usr/bin/python3.10 0.1

19:36:46

System uptime: 3 hours, 38 minutes
CPU: 0%
RAM: 6% (520 MB)

Top 3 processes: 
root /sbin/init 0.8
root python3 0.5
root /snap/ubuntu-desktop-installer/1286/usr/bin/python3.10 0.1

19:37:49

System uptime: 3 hours, 39 minutes
CPU: 0%
RAM: 6% (521 MB)

Top 3 processes: 
root /sbin/init 0.8
root python3 0.5
root /snap/ubuntu-desktop-installer/1286/usr/bin/python3.10 0.1

19:38:51

System uptime: 3 hours, 40 minutes
CPU: 0%
RAM: 6% (520 MB)

Top 3 processes: 
root /sbin/init 0.8
root python3 0.5
root /snap/ubuntu-desktop-installer/1286/usr/bin/python3.10 0.1

19:39:54

System uptime: 3 hours, 41 minutes
CPU: 0%
RAM: 6% (519 MB)

Top 3 processes: 
root /sbin/init 0.8
root python3 0.5
root /snap/ubuntu-desktop-installer/1286/usr/bin/python3.10 0.1

19:40:56

System uptime: 3 hours, 42 minutes
CPU: 0%
RAM: 6% (520 MB)

Top 3 processes: 
root /sbin/init 0.8
root python3 0.5
root /snap/ubuntu-desktop-installer/1286/usr/bin/python3.10 0.1

19:41:59

System uptime: 3 hours, 43 minutes
CPU: 0%
RAM: 6% (519 MB)

Top 3 processes: 
root /sbin/init 0.8
root python3 0.5
root /snap/ubuntu-desktop-installer/1286/usr/bin/python3.10 0.1

19:43:02

System uptime: 3 hours, 44 minutes
CPU: 1%
RAM: 6% (521 MB)

Top 3 processes: 
root /sbin/init 0.8
root python3 0.5
root /snap/ubuntu-desktop-installer/1286/usr/bin/python3.10 0.1

19:44:12

System uptime: 3 hours, 45 minutes
CPU: 0%
RAM: 6% (520 MB)

Top 3 processes: 
root /sbin/init 0.8
root python3 0.5
root /snap/ubuntu-desktop-installer/1286/usr/bin/python3.10 0.1

19:45:15

System uptime: 3 hours, 46 minutes
CPU: 0%
RAM: 6% (520 MB)

Top 3 processes: 
root /sbin/init 0.8
root python3 0.5
root /snap/ubuntu-desktop-installer/1286/usr/bin/python3.10 0.1

19:46:17

System uptime: 3 hours, 48 minutes
CPU: 1%
RAM: 6% (520 MB)

Top 3 processes: 
root /sbin/init 0.8
root python3 0.5
root /snap/ubuntu-desktop-installer/1286/usr/bin/python3.10 0.1

19:47:19

System uptime: 3 hours, 49 minutes
CPU: 0%
RAM: 6% (519 MB)

Top 3 processes: 
root /sbin/init 0.8
root python3 0.5
root /snap/ubuntu-desktop-installer/1286/usr/bin/python3.10 0.1

19:48:22

System uptime: 3 hours, 50 minutes
CPU: 0%
RAM: 6% (519 MB)

Top 3 processes: 
root /sbin/init 0.8
root python3 0.5
root /snap/ubuntu-desktop-installer/1286/usr/bin/python3.10 0.1

19:49:24

System uptime: 3 hours, 51 minutes
CPU: 0%
RAM: 6% (519 MB)

Top 3 processes: 
root /sbin/init 0.8
root python3 0.5
root /snap/ubuntu-desktop-installer/1286/usr/bin/python3.10 0.1

19:50:27

System uptime: 3 hours, 52 minutes
CPU: 0%
RAM: 6% (520 MB)

Top 3 processes: 
root /sbin/init 0.8
root python3 0.5
root /snap/ubuntu-desktop-installer/1286/usr/bin/python3.10 0.1

19:51:29

System uptime: 3 hours, 53 minutes
CPU: 1%
RAM: 6% (521 MB)

Top 3 processes: 
root /sbin/init 0.8
root python3 0.5
root /snap/ubuntu-desktop-installer/1286/usr/bin/python3.10 0.1

20:18:43

System uptime: 3 hours, 54 minutes
CPU: 0%
RAM: 6% (520 MB)

Top 3 processes: 
root /sbin/init 0.8
root python3 0.5
root /snap/ubuntu-desktop-installer/1286/usr/bin/python3.10 0.1

20:19:46

System uptime: 3 hours, 55 minutes
CPU: 0%
RAM: 6% (520 MB)

Top 3 processes: 
root /sbin/init 0.8
root python3 0.5
root /snap/ubuntu-desktop-installer/1286/usr/bin/python3.10 0.1

20:20:48

System uptime: 3 hours, 56 minutes
CPU: 0%
RAM: 6% (519 MB)

Top 3 processes: 
root /sbin/init 0.8
root python3 0.5
root /snap/ubuntu-desktop-installer/1286/usr/bin/python3.10 0.1

20:21:51

System uptime: 3 hours, 57 minutes
CPU: 0%
RAM: 6% (521 MB)

Top 3 processes: 
root /sbin/init 0.8
root python3 0.5
root /snap/ubuntu-desktop-installer/1286/usr/bin/python3.10 0.1

20:35:34

System uptime: 4 hours, 11 minutes
CPU: 0%
RAM: 6% (520 MB)
Network: down = 0, upl = 0
Disk usage: 1%

Top 3 processes: 
root /sbin/init 0.8
root python3 0.5
root /snap/ubuntu-desktop-installer/1286/usr/bin/python3.10 0.1

20:36:49

System uptime: 4 hours, 12 minutes
CPU: 0%
RAM: 6% (520 MB)
Network: down = 0, upl = 0
Disk usage: 1%

Top 3 processes: 
root /sbin/init 0.8
root python3 0.5
root /snap/ubuntu-desktop-installer/1286/usr/bin/python3.10 0.1

20:37:38

System uptime: 4 hours, 13 minutes
CPU: 0%
RAM: 6% (521 MB)
Network: down = 0, upl = 0
Disk usage: 1%

Top 3 processes: 
root /sbin/init 0.8
root python3 0.5
root /snap/ubuntu-desktop-installer/1286/usr/bin/python3.10 0.1

20:37:53

System uptime: 4 hours, 13 minutes
CPU: 0%
RAM: 6% (522 MB)
Network: down = 0, upl = 0
Disk usage: 1%

Top 3 processes: 
root /sbin/init 0.8
root python3 0.5
root /snap/ubuntu-desktop-installer/1286/usr/bin/python3.10 0.1

20:38:21

System uptime: 4 hours, 13 minutes
CPU: 0%
RAM: 6% (521 MB)
Network: down = 0, upl = 0
Disk usage: 1%

Top 3 processes: 
root /sbin/init 0.8
root python3 0.5
root /snap/ubuntu-desktop-installer/1286/usr/bin/python3.10 0.1

